Linked: (/home/kyleprr/surgical_robot_ws/devel/.private/surgical_robot/share/surgical_robot/cmake/surgical_robotConfig-version.cmake, /home/kyleprr/surgical_robot_ws/devel/share/surgical_robot/cmake/surgical_robotConfig-version.cmake)
Linked: (/home/kyleprr/surgical_robot_ws/devel/.private/surgical_robot/share/surgical_robot/cmake/surgical_robotConfig.cmake, /home/kyleprr/surgical_robot_ws/devel/share/surgical_robot/cmake/surgical_robotConfig.cmake)
Linked: (/home/kyleprr/surgical_robot_ws/devel/.private/surgical_robot/share/surgical_robot/cmake/surgical_robot-msg-paths.cmake, /home/kyleprr/surgical_robot_ws/devel/share/surgical_robot/cmake/surgical_robot-msg-paths.cmake)
Linked: (/home/kyleprr/surgical_robot_ws/devel/.private/surgical_robot/share/surgical_robot/cmake/surgical_robot-msg-extras.cmake, /home/kyleprr/surgical_robot_ws/devel/share/surgical_robot/cmake/surgical_robot-msg-extras.cmake)
Linked: (/home/kyleprr/surgical_robot_ws/devel/.private/surgical_robot/share/common-lisp/ros/surgical_robot/msg/_package.lisp, /home/kyleprr/surgical_robot_ws/devel/share/common-lisp/ros/surgical_robot/msg/_package.lisp)
Linked: (/home/kyleprr/surgical_robot_ws/devel/.private/surgical_robot/share/common-lisp/ros/surgical_robot/msg/Tracker.lisp, /home/kyleprr/surgical_robot_ws/devel/share/common-lisp/ros/surgical_robot/msg/Tracker.lisp)
Linked: (/home/kyleprr/surgical_robot_ws/devel/.private/surgical_robot/share/common-lisp/ros/surgical_robot/msg/_package_Tracker.lisp, /home/kyleprr/surgical_robot_ws/devel/share/common-lisp/ros/surgical_robot/msg/_package_Tracker.lisp)
Linked: (/home/kyleprr/surgical_robot_ws/devel/.private/surgical_robot/share/common-lisp/ros/surgical_robot/msg/surgical_robot-msg.asd, /home/kyleprr/surgical_robot_ws/devel/share/common-lisp/ros/surgical_robot/msg/surgical_robot-msg.asd)
Linked: (/home/kyleprr/surgical_robot_ws/devel/.private/surgical_robot/share/common-lisp/ros/surgical_robot/msg/_package_blocks_poses.lisp, /home/kyleprr/surgical_robot_ws/devel/share/common-lisp/ros/surgical_robot/msg/_package_blocks_poses.lisp)
Linked: (/home/kyleprr/surgical_robot_ws/devel/.private/surgical_robot/share/common-lisp/ros/surgical_robot/msg/blocks_poses.lisp, /home/kyleprr/surgical_robot_ws/devel/share/common-lisp/ros/surgical_robot/msg/blocks_poses.lisp)
Linked: (/home/kyleprr/surgical_robot_ws/devel/.private/surgical_robot/share/gennodejs/ros/surgical_robot/_index.js, /home/kyleprr/surgical_robot_ws/devel/share/gennodejs/ros/surgical_robot/_index.js)
Linked: (/home/kyleprr/surgical_robot_ws/devel/.private/surgical_robot/share/gennodejs/ros/surgical_robot/msg/blocks_poses.js, /home/kyleprr/surgical_robot_ws/devel/share/gennodejs/ros/surgical_robot/msg/blocks_poses.js)
Linked: (/home/kyleprr/surgical_robot_ws/devel/.private/surgical_robot/share/gennodejs/ros/surgical_robot/msg/Tracker.js, /home/kyleprr/surgical_robot_ws/devel/share/gennodejs/ros/surgical_robot/msg/Tracker.js)
Linked: (/home/kyleprr/surgical_robot_ws/devel/.private/surgical_robot/share/gennodejs/ros/surgical_robot/msg/_index.js, /home/kyleprr/surgical_robot_ws/devel/share/gennodejs/ros/surgical_robot/msg/_index.js)
Linked: (/home/kyleprr/surgical_robot_ws/devel/.private/surgical_robot/share/roseus/ros/surgical_robot/manifest.l, /home/kyleprr/surgical_robot_ws/devel/share/roseus/ros/surgical_robot/manifest.l)
Linked: (/home/kyleprr/surgical_robot_ws/devel/.private/surgical_robot/share/roseus/ros/surgical_robot/msg/blocks_poses.l, /home/kyleprr/surgical_robot_ws/devel/share/roseus/ros/surgical_robot/msg/blocks_poses.l)
Linked: (/home/kyleprr/surgical_robot_ws/devel/.private/surgical_robot/share/roseus/ros/surgical_robot/msg/Tracker.l, /home/kyleprr/surgical_robot_ws/devel/share/roseus/ros/surgical_robot/msg/Tracker.l)
Linked: (/home/kyleprr/surgical_robot_ws/devel/.private/surgical_robot/lib/surgical_robot/blocks_spawner, /home/kyleprr/surgical_robot_ws/devel/lib/surgical_robot/blocks_spawner)
Linked: (/home/kyleprr/surgical_robot_ws/devel/.private/surgical_robot/lib/surgical_robot/blocks_poses_publisher, /home/kyleprr/surgical_robot_ws/devel/lib/surgical_robot/blocks_poses_publisher)
Linked: (/home/kyleprr/surgical_robot_ws/devel/.private/surgical_robot/lib/python2.7/dist-packages/surgical_robot/__init__.py, /home/kyleprr/surgical_robot_ws/devel/lib/python2.7/dist-packages/surgical_robot/__init__.py)
Linked: (/home/kyleprr/surgical_robot_ws/devel/.private/surgical_robot/lib/python2.7/dist-packages/surgical_robot/msg/_Tracker.py, /home/kyleprr/surgical_robot_ws/devel/lib/python2.7/dist-packages/surgical_robot/msg/_Tracker.py)
Linked: (/home/kyleprr/surgical_robot_ws/devel/.private/surgical_robot/lib/python2.7/dist-packages/surgical_robot/msg/_blocks_poses.py, /home/kyleprr/surgical_robot_ws/devel/lib/python2.7/dist-packages/surgical_robot/msg/_blocks_poses.py)
Linked: (/home/kyleprr/surgical_robot_ws/devel/.private/surgical_robot/lib/python2.7/dist-packages/surgical_robot/msg/__init__.py, /home/kyleprr/surgical_robot_ws/devel/lib/python2.7/dist-packages/surgical_robot/msg/__init__.py)
Linked: (/home/kyleprr/surgical_robot_ws/devel/.private/surgical_robot/lib/pkgconfig/surgical_robot.pc, /home/kyleprr/surgical_robot_ws/devel/lib/pkgconfig/surgical_robot.pc)
Linked: (/home/kyleprr/surgical_robot_ws/devel/.private/surgical_robot/include/surgical_robot/Tracker.h, /home/kyleprr/surgical_robot_ws/devel/include/surgical_robot/Tracker.h)
Linked: (/home/kyleprr/surgical_robot_ws/devel/.private/surgical_robot/include/surgical_robot/blocks_poses.h, /home/kyleprr/surgical_robot_ws/devel/include/surgical_robot/blocks_poses.h)
