[33m[1mCMake Warning[0m at /home/kyleprr/surgical_robot_ws/build/surgical_robot/cmake/surgical_robot-genmsg.cmake:3 (message):
  Invoking generate_messages() without having added any message or service
  file before.

  You should either add add_message_files() and/or add_service_files() calls
  or remove the invocation of generate_messages().
[36mCall Stack (most recent call first):[0m
  /opt/ros/kinetic/share/genmsg/cmake/genmsg-extras.cmake:307 (include)
  CMakeLists.txt:11 (generate_messages)


[31m[1mCMake Error[0m at /home/kyleprr/surgical_robot_ws/src/ur3_ROS/CMakeLists.txt:20 (add_executable):
  Cannot find source file:

    blocks_poses_publisher.cpp

  Tried extensions .c .C .c++ .cc .cpp .cxx .m .M .mm .h .hh .h++ .hm .hpp
  .hxx .in .txx


[31m[1mCMake Error[0m at /home/kyleprr/surgical_robot_ws/src/ur3_ROS/CMakeLists.txt:19 (add_executable):
  Cannot find source file:

    blocks_spawner.cpp

  Tried extensions .c .C .c++ .cc .cpp .cxx .m .M .mm .h .hh .h++ .hm .hpp
  .hxx .in .txx


CMake Error: CMake can not determine linker language for target: blocks_poses_publisher
CMake Error: Cannot determine link language for target "blocks_poses_publisher".
CMake Error: CMake can not determine linker language for target: blocks_spawner
CMake Error: Cannot determine link language for target "blocks_spawner".
make: *** [cmake_check_build_system] Error 1
